<?xml version="1.0" encoding="UTF-8"?>
<!-- Generated by org.testng.reporters.JUnitReportReporter -->
<testsuite hostname="DESKTOP-QAFREE4" failures="0" tests="5" name="MyTestCases" time="124.267" errors="0" timestamp="2024-10-01T18:03:56 EET" skipped="0">
  <testcase classname="MyTestCases" name="printTheFeedBack" time="103.049"/>
  <system-out/>
  <testcase classname="MyTestCases" name="hotelTabAndSearchCities" time="2.810"/>
  <system-out/>
  <testcase classname="MyTestCases" name="vistorNumber" time="0.292"/>
  <system-out/>
  <testcase classname="MyTestCases" name="checkinDate" time="7.320"/>
  <system-out/>
  <testcase classname="MyTestCases" name="HotelPageISFullyLoaded" time="10.796"/>
  <system-out/>
</testsuite> <!-- MyTestCases -->
